2022-06-09 23:39:24,198 [takealot] INFO  za.co.paygate.report.config.Config - Loading application.properties from resources/config/dev
2022-06-09 23:39:24,222 [takealot] INFO  za.co.paygate.report.config.Config - Loading persistence.properties from resources/config/dev
2022-06-09 23:39:24,226 [takealot] INFO  za.co.paygate.report.config.Config - Loading ${args.size} arg(s) into config
2022-06-09 23:39:24,227 [takealot] INFO  Report - env:dev
2022-06-09 23:39:25,147 [takealot] INFO  org.hibernate.jpa.internal.util.LogHelper - HHH000204: Processing PersistenceUnitInfo [
	name: paymentReport
	...]
2022-06-09 23:39:25,266 [takealot] INFO  org.hibernate.Version - HHH000412: Hibernate Core {5.2.4.Final}
2022-06-09 23:39:25,268 [takealot] INFO  org.hibernate.cfg.Environment - HHH000206: hibernate.properties not found
2022-06-09 23:39:25,270 [takealot] INFO  org.hibernate.cfg.Environment - HHH000021: Bytecode provider name : javassist
2022-06-09 23:39:25,341 [takealot] INFO  org.hibernate.annotations.common.Version - HCANN000001: Hibernate Commons Annotations {5.0.1.Final}
2022-06-09 23:39:25,569 [takealot] WARN  org.hibernate.orm.connections.pooling - HHH10001002: Using Hibernate built-in connection pool (not for production use!)
2022-06-09 23:39:25,585 [takealot] INFO  org.hibernate.orm.connections.pooling - HHH10001005: using driver [com.mysql.jdbc.Driver] at URL [jdbc:mysql://localhost:3306/payment_report]
2022-06-09 23:39:25,586 [takealot] INFO  org.hibernate.orm.connections.pooling - HHH10001001: Connection properties: {password=****, user=root}
2022-06-09 23:39:25,586 [takealot] INFO  org.hibernate.orm.connections.pooling - HHH10001003: Autocommit mode: false
2022-06-09 23:39:25,596 [takealot] INFO  org.hibernate.engine.jdbc.connections.internal.DriverManagerConnectionProviderImpl - HHH000115: Hibernate connection pool size: 20 (min=1)
2022-06-09 23:39:26,926 [takealot] INFO  org.hibernate.dialect.Dialect - HHH000400: Using dialect: org.hibernate.dialect.MySQLInnoDBDialect
2022-06-09 23:39:27,386 [takealot] INFO  org.hibernate.validator.internal.util.Version - HV000001: Hibernate Validator 5.2.4.Final
2022-06-09 23:39:27,832 [takealot] INFO  org.hibernate.orm.connections.access - HHH10001501: Connection obtained from JdbcConnectionAccess [org.hibernate.engine.jdbc.env.internal.JdbcEnvironmentInitiator$ConnectionProviderJdbcConnectionAccess@5478ce1e] for (non-JTA) DDL execution was not in auto-commit mode; the Connection 'local transaction' will be committed and the Connection will be set into auto-commit mode.
2022-06-09 23:39:28,648 [takealot] INFO  org.hibernate.hql.internal.QueryTranslatorFactoryInitiator - HHH000397: Using ASTQueryTranslatorFactory
